f:\c++\servermc_interface\servermcinterface\servermcinterface\debug\vc142.pdb
f:\c++\servermc_interface\servermcinterface\servermcinterface\debug\.netframework,version=v4.7.2.assemblyattributes.obj
f:\c++\servermc_interface\servermcinterface\servermcinterface\debug\.netframework,version=v4.7.2.assemblyattributes.asm
f:\c++\servermc_interface\servermcinterface\servermcinterface\debug\source.obj
f:\c++\servermc_interface\servermcinterface\servermcinterface\debug\myform.obj
f:\c++\servermc_interface\servermcinterface\servermcinterface\debug\servermcinterface.myform.resources
f:\c++\servermc_interface\servermcinterface\servermcinterface\debug\servermcinterface.vcxproj.generateresource.cache
f:\c++\servermc_interface\servermcinterface\servermcinterface\debug\servermcinterface.vcxprojassemblyreference.cache
f:\c++\servermc_interface\servermcinterface\debug\servermcinterface.pdb
f:\c++\servermc_interface\servermcinterface\debug\servermcinterface.exe
f:\c++\servermc_interface\servermcinterface\servermcinterface\debug\servermc.431adc21.tlog\cl.command.1.tlog
f:\c++\servermc_interface\servermcinterface\servermcinterface\debug\servermc.431adc21.tlog\cl.read.1.tlog
f:\c++\servermc_interface\servermcinterface\servermcinterface\debug\servermc.431adc21.tlog\cl.write.1.tlog
f:\c++\servermc_interface\servermcinterface\servermcinterface\debug\servermc.431adc21.tlog\link.3400.delete.1.tlog
f:\c++\servermc_interface\servermcinterface\servermcinterface\debug\servermc.431adc21.tlog\link.3480.delete.1.tlog
f:\c++\servermc_interface\servermcinterface\servermcinterface\debug\servermc.431adc21.tlog\link.5200.delete.1.tlog
f:\c++\servermc_interface\servermcinterface\servermcinterface\debug\servermc.431adc21.tlog\link.8876.delete.1.tlog
f:\c++\servermc_interface\servermcinterface\servermcinterface\debug\servermc.431adc21.tlog\link.9840.delete.1.tlog
f:\c++\servermc_interface\servermcinterface\servermcinterface\debug\servermc.431adc21.tlog\link.command.1.tlog
f:\c++\servermc_interface\servermcinterface\servermcinterface\debug\servermc.431adc21.tlog\link.read.1.tlog
f:\c++\servermc_interface\servermcinterface\servermcinterface\debug\servermc.431adc21.tlog\link.write.1.tlog
f:\c++\servermc_interface\servermcinterface\servermcinterface\debug\servermc.431adc21.tlog\metagen.read.1.tlog
f:\c++\servermc_interface\servermcinterface\servermcinterface\debug\servermc.431adc21.tlog\metagen.write.1.tlog
f:\c++\servermc_interface\servermcinterface\servermcinterface\debug\servermc.431adc21.tlog\servermcinterface.write.1u.tlog
