c:\sqlite_server\server\servermcinterface\servermcinterface\x64\debug\vc142.pdb
c:\sqlite_server\server\servermcinterface\servermcinterface\x64\debug\server.obj
c:\sqlite_server\server\servermcinterface\servermcinterface\x64\debug\myform.obj
c:\sqlite_server\server\servermcinterface\servermcinterface\x64\debug\.netframework,version=v4.7.2.assemblyattributes.obj
c:\sqlite_server\server\servermcinterface\servermcinterface\x64\debug\.netframework,version=v4.7.2.assemblyattributes.asm
c:\sqlite_server\server\servermcinterface\x64\debug\sqlite.net.dll
c:\sqlite_server\server\servermcinterface\servermcinterface\x64\debug\servermcinterface.myform.resources
c:\sqlite_server\server\servermcinterface\servermcinterface\x64\debug\servermcinterface.vcxproj.generateresource.cache
c:\sqlite_server\server\servermcinterface\servermcinterface\x64\debug\servermcinterface.vcxprojassemblyreference.cache
c:\sqlite_server\server\servermcinterface\x64\debug\servermcinterface.pdb
c:\sqlite_server\server\servermcinterface\servermcinterface\x64\debug\servermc.431adc21.tlog\cl.command.1.tlog
c:\sqlite_server\server\servermcinterface\servermcinterface\x64\debug\servermc.431adc21.tlog\cl.read.1.tlog
c:\sqlite_server\server\servermcinterface\servermcinterface\x64\debug\servermc.431adc21.tlog\cl.write.1.tlog
c:\sqlite_server\server\servermcinterface\servermcinterface\x64\debug\servermc.431adc21.tlog\link.10724-cvtres.read.1.tlog
c:\sqlite_server\server\servermcinterface\servermcinterface\x64\debug\servermc.431adc21.tlog\link.10724-cvtres.write.1.tlog
c:\sqlite_server\server\servermcinterface\servermcinterface\x64\debug\servermc.431adc21.tlog\link.10724-rc.read.1.tlog
c:\sqlite_server\server\servermcinterface\servermcinterface\x64\debug\servermc.431adc21.tlog\link.10724-rc.write.1.tlog
c:\sqlite_server\server\servermcinterface\servermcinterface\x64\debug\servermc.431adc21.tlog\link.10724.delete.1.tlog
c:\sqlite_server\server\servermcinterface\servermcinterface\x64\debug\servermc.431adc21.tlog\link.10724.read.1.tlog
c:\sqlite_server\server\servermcinterface\servermcinterface\x64\debug\servermc.431adc21.tlog\link.10724.write.1.tlog
c:\sqlite_server\server\servermcinterface\servermcinterface\x64\debug\servermc.431adc21.tlog\link.5336-cvtres.read.1.tlog
c:\sqlite_server\server\servermcinterface\servermcinterface\x64\debug\servermc.431adc21.tlog\link.5336-cvtres.write.1.tlog
c:\sqlite_server\server\servermcinterface\servermcinterface\x64\debug\servermc.431adc21.tlog\link.5336-rc.read.1.tlog
c:\sqlite_server\server\servermcinterface\servermcinterface\x64\debug\servermc.431adc21.tlog\link.5336-rc.write.1.tlog
c:\sqlite_server\server\servermcinterface\servermcinterface\x64\debug\servermc.431adc21.tlog\link.5336.delete.1.tlog
c:\sqlite_server\server\servermcinterface\servermcinterface\x64\debug\servermc.431adc21.tlog\link.5336.read.1.tlog
c:\sqlite_server\server\servermcinterface\servermcinterface\x64\debug\servermc.431adc21.tlog\link.5336.write.1.tlog
c:\sqlite_server\server\servermcinterface\servermcinterface\x64\debug\servermc.431adc21.tlog\link.command.1.tlog
c:\sqlite_server\server\servermcinterface\servermcinterface\x64\debug\servermc.431adc21.tlog\link.read.1.tlog
c:\sqlite_server\server\servermcinterface\servermcinterface\x64\debug\servermc.431adc21.tlog\link.write.1.tlog
c:\sqlite_server\server\servermcinterface\servermcinterface\x64\debug\servermc.431adc21.tlog\metagen.read.1.tlog
c:\sqlite_server\server\servermcinterface\servermcinterface\x64\debug\servermc.431adc21.tlog\metagen.write.1.tlog
c:\sqlite_server\server\servermcinterface\servermcinterface\x64\debug\servermc.431adc21.tlog\servermcinterface.write.1u.tlog
